  Functions.cpp
  Main.cpp
c:\users\namor is bae\desktop\code\c++\mod menu business tour\mod menu business tour c++\main.cpp(20): warning C4311: 'cast de type' : troncation de pointeur de 'char (*)[49]' à 'DWORD'
c:\users\namor is bae\desktop\code\c++\mod menu business tour\mod menu business tour c++\main.cpp(20): warning C4302: 'cast de type' : troncation de 'char (*)[49]' à 'DWORD'
  Memory.cpp
c:\users\namor is bae\desktop\code\c++\mod menu business tour\mod menu business tour c++\memory.cpp(21): warning C4311: 'cast de type' : troncation de pointeur de 'LPVOID' à 'DWORD'
c:\users\namor is bae\desktop\code\c++\mod menu business tour\mod menu business tour c++\memory.cpp(21): warning C4302: 'cast de type' : troncation de 'LPVOID' à 'DWORD'
c:\users\namor is bae\desktop\code\c++\mod menu business tour\mod menu business tour c++\memory.cpp(22): warning C4311: 'cast de type' : troncation de pointeur de 'LPVOID' à 'DWORD'
c:\users\namor is bae\desktop\code\c++\mod menu business tour\mod menu business tour c++\memory.cpp(22): warning C4302: 'cast de type' : troncation de 'LPVOID' à 'DWORD'
c:\users\namor is bae\desktop\code\c++\mod menu business tour\mod menu business tour c++\memory.cpp(33): warning C4312: 'cast de type' : la conversion de 'DWORD' en 'LPVOID' d'une taille supérieure
c:\users\namor is bae\desktop\code\c++\mod menu business tour\mod menu business tour c++\memory.cpp(34): warning C4244: '+=' : conversion de 'SIZE_T' en 'DWORD', perte possible de données
c:\users\namor is bae\desktop\code\c++\mod menu business tour\mod menu business tour c++\memory.cpp(39): warning C4312: 'cast de type' : la conversion de 'DWORD' en 'LPVOID' d'une taille supérieure
c:\users\namor is bae\desktop\code\c++\mod menu business tour\mod menu business tour c++\memory.cpp(43): warning C4312: 'cast de type' : la conversion de 'DWORD' en 'LPVOID' d'une taille supérieure
c:\users\namor is bae\desktop\code\c++\mod menu business tour\mod menu business tour c++\memory.cpp(45): warning C4311: 'cast de type' : troncation de pointeur de 'PVOID' à 'DWORD'
c:\users\namor is bae\desktop\code\c++\mod menu business tour\mod menu business tour c++\memory.cpp(45): warning C4302: 'cast de type' : troncation de 'PVOID' à 'DWORD'
c:\users\namor is bae\desktop\code\c++\mod menu business tour\mod menu business tour c++\memory.cpp(52): warning C4312: 'cast de type' : la conversion de 'DWORD' en 'char *' d'une taille supérieure
c:\users\namor is bae\desktop\code\c++\mod menu business tour\mod menu business tour c++\memory.cpp(54): warning C4311: 'cast de type' : troncation de pointeur de 'PVOID' à 'UINT'
c:\users\namor is bae\desktop\code\c++\mod menu business tour\mod menu business tour c++\memory.cpp(54): warning C4302: 'cast de type' : troncation de 'PVOID' à 'UINT'
c:\users\namor is bae\desktop\code\c++\mod menu business tour\mod menu business tour c++\memory.cpp(79): warning C4312: 'cast de type' : la conversion de 'DWORD' en 'LPVOID' d'une taille supérieure
c:\users\namor is bae\desktop\code\c++\mod menu business tour\mod menu business tour c++\memory.cpp(83): warning C4312: 'cast de type' : la conversion de 'DWORD' en 'LPVOID' d'une taille supérieure
c:\users\namor is bae\desktop\code\c++\mod menu business tour\mod menu business tour c++\memory.cpp(87): warning C4244: '+=' : conversion de 'SIZE_T' en 'DWORD', perte possible de données
c:\users\namor is bae\desktop\code\c++\mod menu business tour\mod menu business tour c++\memory.cpp(95): warning C4267: 'initialisation' : conversion de 'size_t' en 'int', perte possible de données
c:\users\namor is bae\desktop\code\c++\mod menu business tour\mod menu business tour c++\memory.cpp(99): warning C4312: 'cast de type' : la conversion de 'DWORD' en 'char *' d'une taille supérieure
  Génération de code en cours...
  Mod Menu Business Tour C++.vcxproj -> C:\Users\Namor is bae\Desktop\code\C++\Mod Menu Business Tour\x64\Debug\Mod Menu Business Tour C++.dll
